<?xml version="1.0" encoding="UTF-8" ?>
<testsuite failures="0" time="1.391" errors="0" skipped="0" tests="13" name="org.springframework.samples.petclinic.jpa.HibernateEntityManagerClinicTests">
  <properties>
[...]
</properties>
  <testcase time="1.277" classname="org.springframework.samples.petclinic.jpa.HibernateEntityManagerClinicTests" name="testUsageLogAspectIsInvoked"/>
  <testcase time="0.004" classname="org.springframework.samples.petclinic.jpa.HibernateEntityManagerClinicTests" name="testBogusJpql"/>
  <testcase time="0.003" classname="org.springframework.samples.petclinic.jpa.HibernateEntityManagerClinicTests" name="testApplicationManaged"/>
  <testcase time="0.029" classname="org.springframework.samples.petclinic.jpa.HibernateEntityManagerClinicTests" name="testGetVets"/>
  <testcase time="0.006" classname="org.springframework.samples.petclinic.jpa.HibernateEntityManagerClinicTests" name="testGetPetTypes"/>
  <testcase time="0.011" classname="org.springframework.samples.petclinic.jpa.HibernateEntityManagerClinicTests" name="testFindOwners"/>
  <testcase time="0.005" classname="org.springframework.samples.petclinic.jpa.HibernateEntityManagerClinicTests" name="testLoadOwner"/>
  <testcase time="0.013" classname="org.springframework.samples.petclinic.jpa.HibernateEntityManagerClinicTests" name="testInsertOwner"/>
  <testcase time="0.008" classname="org.springframework.samples.petclinic.jpa.HibernateEntityManagerClinicTests" name="testUpdateOwner"/>
  <testcase time="0.007" classname="org.springframework.samples.petclinic.jpa.HibernateEntityManagerClinicTests" name="testLoadPet"/>
  <testcase time="0.012" classname="org.springframework.samples.petclinic.jpa.HibernateEntityManagerClinicTests" name="testInsertPet"/>
  <testcase time="0.006" classname="org.springframework.samples.petclinic.jpa.HibernateEntityManagerClinicTests" name="testUpdatePet"/>
  <testcase time="0.009" classname="org.springframework.samples.petclinic.jpa.HibernateEntityManagerClinicTests" name="testInsertVisit"/>
</testsuite>